Using pre-set license
Built from '2020.3/staging' branch; Version is '2020.3.40f1 (ba48d4efcef1) revision 12208340'; Using compiler version '192528614'; Build Type 'Release'
OS: 'Windows 11  (10.0.22621) 64bit Core' Language: 'ko' Physical Memory: 16057 MB
BatchMode: 1, IsHumanControllingUs: 0, StartBugReporterOnCrash: 0, Is64bit: 1, IsPro: 0

COMMAND LINE ARGUMENTS:
C:\Program Files\Unity\Hub\Editor\2020.3.40f1\Editor\Unity.exe
-adb2
-batchMode
-noUpm
-name
AssetImportWorker0
-projectPath
D:/Projects/GitHub/Graffiti/Client
-logFile
Logs/AssetImportWorker0.log
-srvPort
49167
Successfully changed project path to: D:/Projects/GitHub/Graffiti/Client
D:/Projects/GitHub/Graffiti/Client
Using Asset Import Pipeline V2.
Refreshing native plugins compatible for Editor in 88.20 ms, found 2 plugins.
Preloading 0 native plugins for Editor in 0.00 ms.
Initialize engine version: 2020.3.40f1 (ba48d4efcef1)
[Subsystems] Discovering subsystems at path C:/Program Files/Unity/Hub/Editor/2020.3.40f1/Editor/Data/Resources/UnitySubsystems
[Subsystems] Discovering subsystems at path D:/Projects/GitHub/Graffiti/Client/Assets
GfxDevice: creating device client; threaded=0
Direct3D:
    Version:  Direct3D 11.0 [level 11.1]
    Renderer: NVIDIA GeForce MX450 (ID=0x1f97)
    Vendor:   
    VRAM:     1928 MB
    Driver:   30.0.15.1179
Initialize mono
Mono path[0] = 'C:/Program Files/Unity/Hub/Editor/2020.3.40f1/Editor/Data/Managed'
Mono path[1] = 'C:/Program Files/Unity/Hub/Editor/2020.3.40f1/Editor/Data/MonoBleedingEdge/lib/mono/unityjit'
Mono config path = 'C:/Program Files/Unity/Hub/Editor/2020.3.40f1/Editor/Data/MonoBleedingEdge/etc'
Using monoOptions --debugger-agent=transport=dt_socket,embedding=1,server=y,suspend=n,address=127.0.0.1:56264
Begin MonoManager ReloadAssembly
Registering precompiled unity dll's ...
Register platform support module: C:/Program Files/Unity/Hub/Editor/2020.3.40f1/Editor/Data/PlaybackEngines/WindowsStandaloneSupport/UnityEditor.WindowsStandalone.Extensions.dll
Registered in 0.001251 seconds.
Native extension for WindowsStandalone target not found
Refreshing native plugins compatible for Editor in 89.28 ms, found 2 plugins.
Preloading 0 native plugins for Editor in 0.00 ms.
Mono: successfully reloaded assembly
- Completed reload, in  0.606 seconds
Domain Reload Profiling:
	ReloadAssembly (606ms)
		BeginReloadAssembly (71ms)
			ExecutionOrderSort (0ms)
			DisableScriptedObjects (0ms)
			BackupInstance (0ms)
			ReleaseScriptingObjects (0ms)
			CreateAndSetChildDomain (1ms)
		EndReloadAssembly (467ms)
			LoadAssemblies (70ms)
			RebuildTransferFunctionScriptingTraits (0ms)
			SetupTypeCache (145ms)
			ReleaseScriptCaches (0ms)
			RebuildScriptCaches (31ms)
			SetupLoadedEditorAssemblies (207ms)
				LogAssemblyErrors (0ms)
				InitializePlatformSupportModulesInManaged (4ms)
				SetLoadedEditorAssemblies (0ms)
				RefreshPlugins (89ms)
				BeforeProcessingInitializeOnLoad (14ms)
				ProcessInitializeOnLoadAttributes (74ms)
				ProcessInitializeOnLoadMethodAttributes (25ms)
				AfterProcessingInitializeOnLoad (0ms)
				EditorAssembliesLoaded (0ms)
			ExecutionOrderSort2 (0ms)
			AwakeInstancesAfterBackupRestoration (0ms)
Platform modules already initialized, skipping
Registering precompiled user dll's ...
Registered in 0.002873 seconds.
Begin MonoManager ReloadAssembly
Native extension for WindowsStandalone target not found
Refreshing native plugins compatible for Editor in 92.31 ms, found 2 plugins.
Preloading 0 native plugins for Editor in 0.00 ms.
Mono: successfully reloaded assembly
- Completed reload, in  1.197 seconds
Domain Reload Profiling:
	ReloadAssembly (1197ms)
		BeginReloadAssembly (144ms)
			ExecutionOrderSort (0ms)
			DisableScriptedObjects (4ms)
			BackupInstance (0ms)
			ReleaseScriptingObjects (0ms)
			CreateAndSetChildDomain (19ms)
		EndReloadAssembly (1000ms)
			LoadAssemblies (106ms)
			RebuildTransferFunctionScriptingTraits (0ms)
			SetupTypeCache (310ms)
			ReleaseScriptCaches (1ms)
			RebuildScriptCaches (82ms)
			SetupLoadedEditorAssemblies (411ms)
				LogAssemblyErrors (0ms)
				InitializePlatformSupportModulesInManaged (3ms)
				SetLoadedEditorAssemblies (0ms)
				RefreshPlugins (92ms)
				BeforeProcessingInitializeOnLoad (91ms)
				ProcessInitializeOnLoadAttributes (205ms)
				ProcessInitializeOnLoadMethodAttributes (14ms)
				AfterProcessingInitializeOnLoad (5ms)
				EditorAssembliesLoaded (0ms)
			ExecutionOrderSort2 (0ms)
			AwakeInstancesAfterBackupRestoration (2ms)
Platform modules already initialized, skipping
========================================================================
Worker process is ready to serve import requests
Launched and connected shader compiler UnityShaderCompiler.exe after 0.05 seconds
Refreshing native plugins compatible for Editor in 1.29 ms, found 2 plugins.
Preloading 0 native plugins for Editor in 0.00 ms.
Unloading 4020 Unused Serialized files (Serialized files now loaded: 0)
System memory in use before: 173.1 MB.
System memory in use after: 173.3 MB.

Unloading 24 unused Assets to reduce memory usage. Loaded Objects now: 4464.
Total: 3.287900 ms (FindLiveObjects: 0.263200 ms CreateObjectMapping: 0.151200 ms MarkObjects: 2.777200 ms  DeleteObjects: 0.094100 ms)

AssetImportParameters requested are different than current active one (requested -> active):
  custom:framework-win-MediaFoundation: 216162199b28c13a410421893ffa2e32 -> 
  custom:video-decoder-ogg-theora: a1e56fd34408186e4bbccfd4996cb3dc -> 
  custom:container-muxer-webm: aa71ff27fc2769a1b78a27578f13a17b -> 
  custom:container-demuxer-webm: 4f35f7cbe854078d1ac9338744f61a02 -> 
  custom:container-demuxer-ogg: 62fdf1f143b41e24485cea50d1cbac27 -> 
  custom:video-encoder-webm-vp8: eb34c28f22e8b96e1ab97ce403110664 -> 
  custom:video-codec-MediaFoundation-h265: 746d11721c4dcdbdad8f713fa42b33f4 -> 
  custom:video-decoder-webm-vp8: 9c59270c3fd7afecdb556c50c9e8de78 -> 
  custom:audio-decoder-ogg-vorbis: bf7c407c2cedff20999df2af8eb42d56 -> 
  custom:audio-encoder-webm-vorbis: bf7c407c2cedff20999df2af8eb42d56 -> 
========================================================================
Received Import Request.
  path: Assets/Plugins/Pixel Crushers/Dialogue System/Scripts/Options/Cinemachine/Sequencer Commands/SequencerCommandCinemachinePriority.cs
  artifactKey: Guid(8b2b4951e0a68a14f877985acf5ff5e5) Importer(815301076,1909f56bfc062723c751e8b465ee728b)
Start importing Assets/Plugins/Pixel Crushers/Dialogue System/Scripts/Options/Cinemachine/Sequencer Commands/SequencerCommandCinemachinePriority.cs using Guid(8b2b4951e0a68a14f877985acf5ff5e5) Importer(815301076,1909f56bfc062723c751e8b465ee728b)  -> (artifact id: '709858d4ff7f11f605424ff874519de3') in 0.030910 seconds 
========================================================================
Received Import Request.
  Time since last request: 0.000448 seconds.
  path: Assets/Plugins/Pixel Crushers/Dialogue System/Scripts/Options/Cinemachine/Sequencer Commands/SequencerCommandCinemachineTarget.cs
  artifactKey: Guid(7bca367b62e0e5047ac2747a54c91314) Importer(815301076,1909f56bfc062723c751e8b465ee728b)
Start importing Assets/Plugins/Pixel Crushers/Dialogue System/Scripts/Options/Cinemachine/Sequencer Commands/SequencerCommandCinemachineTarget.cs using Guid(7bca367b62e0e5047ac2747a54c91314) Importer(815301076,1909f56bfc062723c751e8b465ee728b)  -> (artifact id: '0780df37a4cd2623faa3c09933f770ee') in 0.005814 seconds 
========================================================================
Received Import Request.
  Time since last request: 56.477941 seconds.
  path: Assets/Plugins/Pixel Crushers/Dialogue System/Scripts/Options/Cinemachine
  artifactKey: Guid(0cc97f8a0ce1cc24ead6fd66acab051d) Importer(815301076,1909f56bfc062723c751e8b465ee728b)
Start importing Assets/Plugins/Pixel Crushers/Dialogue System/Scripts/Options/Cinemachine using Guid(0cc97f8a0ce1cc24ead6fd66acab051d) Importer(815301076,1909f56bfc062723c751e8b465ee728b)  -> (artifact id: 'fffca208862b89499aafacfa9f73dbc3') in 0.007480 seconds 
========================================================================
Received Prepare
Registering precompiled user dll's ...
Registered in 0.003203 seconds.
Begin MonoManager ReloadAssembly
Native extension for WindowsStandalone target not found
Refreshing native plugins compatible for Editor in 0.72 ms, found 2 plugins.
Preloading 0 native plugins for Editor in 0.00 ms.
Invalid AssetDatabase path: /Editor/EditorResources/cm_logo_sm.png. Use path relative to the project folder.
UnityEngine.StackTraceUtility:ExtractStackTrace ()
UnityEditor.AssetDatabase:LoadAssetAtPath<UnityEngine.Texture2D> (string)
Cinemachine.Editor.CinemachineSettings:get_CinemachineLogoTexture () (at Library/PackageCache/com.unity.cinemachine@2.6.17/Editor/Windows/CinemachineSettings.cs:205)
Cinemachine.Editor.CinemachineSettings:.cctor () (at Library/PackageCache/com.unity.cinemachine@2.6.17/Editor/Windows/CinemachineSettings.cs:261)
Cinemachine.CinemachineColliderPrefs:.cctor () (at Library/PackageCache/com.unity.cinemachine@2.6.17/Editor/Windows/CinemachineColliderPrefs.cs:61)
System.Runtime.CompilerServices.RuntimeHelpers:RunClassConstructor (System.RuntimeTypeHandle)
UnityEditor.EditorAssemblies:ProcessInitializeOnLoadAttributes (System.Type[])

[Library/PackageCache/com.unity.cinemachine@2.6.17/Editor/Windows/CinemachineSettings.cs line 205]

Invalid AssetDatabase path: /Editor/EditorResources/cm_logo_sm.png. Use path relative to the project folder.
UnityEngine.StackTraceUtility:ExtractStackTrace ()
UnityEditor.AssetDatabase:LoadAssetAtPath<UnityEngine.Texture2D> (string)
Cinemachine.Editor.CinemachineSettings:get_CinemachineLogoTexture () (at Library/PackageCache/com.unity.cinemachine@2.6.17/Editor/Windows/CinemachineSettings.cs:205)
Cinemachine.Editor.CinemachineSettings:OnPackageLoadedInEditor () (at Library/PackageCache/com.unity.cinemachine@2.6.17/Editor/Windows/CinemachineSettings.cs:246)
System.Reflection.MonoMethod:Invoke (object,System.Reflection.BindingFlags,System.Reflection.Binder,object[],System.Globalization.CultureInfo)
System.Reflection.MethodBase:Invoke (object,object[])
UnityEditor.EditorAssemblies:ProcessInitializeOnLoadMethodAttributes ()

[Library/PackageCache/com.unity.cinemachine@2.6.17/Editor/Windows/CinemachineSettings.cs line 205]

Mono: successfully reloaded assembly
- Completed reload, in  0.979 seconds
Domain Reload Profiling:
	ReloadAssembly (980ms)
		BeginReloadAssembly (97ms)
			ExecutionOrderSort (0ms)
			DisableScriptedObjects (4ms)
			BackupInstance (0ms)
			ReleaseScriptingObjects (0ms)
			CreateAndSetChildDomain (31ms)
		EndReloadAssembly (834ms)
			LoadAssemblies (84ms)
			RebuildTransferFunctionScriptingTraits (0ms)
			SetupTypeCache (283ms)
			ReleaseScriptCaches (1ms)
			RebuildScriptCaches (48ms)
			SetupLoadedEditorAssemblies (328ms)
				LogAssemblyErrors (0ms)
				InitializePlatformSupportModulesInManaged (7ms)
				SetLoadedEditorAssemblies (0ms)
				RefreshPlugins (1ms)
				BeforeProcessingInitializeOnLoad (78ms)
				ProcessInitializeOnLoadAttributes (222ms)
				ProcessInitializeOnLoadMethodAttributes (16ms)
				AfterProcessingInitializeOnLoad (4ms)
				EditorAssembliesLoaded (1ms)
			ExecutionOrderSort2 (0ms)
			AwakeInstancesAfterBackupRestoration (6ms)
Platform modules already initialized, skipping
Refreshing native plugins compatible for Editor in 0.76 ms, found 2 plugins.
Preloading 0 native plugins for Editor in 0.00 ms.
Unloading 4033 Unused Serialized files (Serialized files now loaded: 0)
System memory in use before: 168.4 MB.
System memory in use after: 168.7 MB.

Unloading 20 unused Assets to reduce memory usage. Loaded Objects now: 4613.
Total: 3.462300 ms (FindLiveObjects: 0.337800 ms CreateObjectMapping: 0.171100 ms MarkObjects: 2.849400 ms  DeleteObjects: 0.102600 ms)

AssetImportParameters requested are different than current active one (requested -> active):
  custom:framework-win-MediaFoundation: 216162199b28c13a410421893ffa2e32 -> 
  custom:video-decoder-ogg-theora: a1e56fd34408186e4bbccfd4996cb3dc -> 
  custom:container-muxer-webm: aa71ff27fc2769a1b78a27578f13a17b -> 
  custom:container-demuxer-webm: 4f35f7cbe854078d1ac9338744f61a02 -> 
  custom:container-demuxer-ogg: 62fdf1f143b41e24485cea50d1cbac27 -> 
  custom:video-encoder-webm-vp8: eb34c28f22e8b96e1ab97ce403110664 -> 
  custom:video-codec-MediaFoundation-h265: 746d11721c4dcdbdad8f713fa42b33f4 -> 
  custom:video-decoder-webm-vp8: 9c59270c3fd7afecdb556c50c9e8de78 -> 
  custom:audio-decoder-ogg-vorbis: bf7c407c2cedff20999df2af8eb42d56 -> 
  custom:audio-encoder-webm-vorbis: bf7c407c2cedff20999df2af8eb42d56 -> 
========================================================================
Received Import Request.
  Time since last request: 173.427070 seconds.
  path: Assets/Editor Default Resources
  artifactKey: Guid(a03322c80bdb08b4c81e34c015c2c3e0) Importer(815301076,1909f56bfc062723c751e8b465ee728b)
Start importing Assets/Editor Default Resources using Guid(a03322c80bdb08b4c81e34c015c2c3e0) Importer(815301076,1909f56bfc062723c751e8b465ee728b)  -> (artifact id: '60988648d45dd85385f7124057e2848c') in 0.014395 seconds 
========================================================================
Received Import Request.
  Time since last request: 3.502004 seconds.
  path: Assets/Editor Default Resources/Dialogue System
  artifactKey: Guid(6415a3b923f706f4cbfad95a17aeb6e0) Importer(815301076,1909f56bfc062723c751e8b465ee728b)
Start importing Assets/Editor Default Resources/Dialogue System using Guid(6415a3b923f706f4cbfad95a17aeb6e0) Importer(815301076,1909f56bfc062723c751e8b465ee728b)  -> (artifact id: 'fb655a8b464d126e892c139377ceada8') in 0.016124 seconds 
========================================================================
Received Import Request.
  Time since last request: 7.133111 seconds.
  path: Assets/Editor Default Resources/Dialogue System/Conditions.png
  artifactKey: Guid(e36d98dc2889c2040b35e8b25bb3119f) Importer(815301076,1909f56bfc062723c751e8b465ee728b)
Start importing Assets/Editor Default Resources/Dialogue System/Conditions.png using Guid(e36d98dc2889c2040b35e8b25bb3119f) Importer(815301076,1909f56bfc062723c751e8b465ee728b)  -> (artifact id: '6c0a29a3e8ef37a865cf2fe2417fd3c2') in 0.076444 seconds 
========================================================================
Received Import Request.
  Time since last request: 2.240984 seconds.
  path: Assets/Editor Default Resources/Dialogue System/DialogueManager Inspector Dark.png
  artifactKey: Guid(da2299cb159f904459216ca87bce9dbb) Importer(815301076,1909f56bfc062723c751e8b465ee728b)
Start importing Assets/Editor Default Resources/Dialogue System/DialogueManager Inspector Dark.png using Guid(da2299cb159f904459216ca87bce9dbb) Importer(815301076,1909f56bfc062723c751e8b465ee728b)  -> (artifact id: 'bfd67b67c07bfaaf03cf479dc9f718ff') in 0.016482 seconds 
========================================================================
Received Import Request.
  Time since last request: 0.845713 seconds.
  path: Assets/Editor Default Resources/Dialogue System/DialogueManager Inspector Light.png
  artifactKey: Guid(a69d5c321f729f1499ac11e52f110452) Importer(815301076,1909f56bfc062723c751e8b465ee728b)
Start importing Assets/Editor Default Resources/Dialogue System/DialogueManager Inspector Light.png using Guid(a69d5c321f729f1499ac11e52f110452) Importer(815301076,1909f56bfc062723c751e8b465ee728b)  -> (artifact id: 'dd2e9998b0cfb94fbc9ccc4d1d64f977') in 0.012192 seconds 
========================================================================
Received Import Request.
  Time since last request: 0.521694 seconds.
  path: Assets/Editor Default Resources/Dialogue System/EditorNode.png
  artifactKey: Guid(9a03d2f508e30c24e826a259b1c825ee) Importer(815301076,1909f56bfc062723c751e8b465ee728b)
Start importing Assets/Editor Default Resources/Dialogue System/EditorNode.png using Guid(9a03d2f508e30c24e826a259b1c825ee) Importer(815301076,1909f56bfc062723c751e8b465ee728b)  -> (artifact id: 'b4a3bead62af83766f34ee964cef7b6a') in 0.021138 seconds 
========================================================================
Received Import Request.
  Time since last request: 0.403575 seconds.
  path: Assets/Editor Default Resources/Dialogue System/Event.png
  artifactKey: Guid(fe004ffe580a6b74eb585e93d5ba113d) Importer(815301076,1909f56bfc062723c751e8b465ee728b)
Start importing Assets/Editor Default Resources/Dialogue System/Event.png using Guid(fe004ffe580a6b74eb585e93d5ba113d) Importer(815301076,1909f56bfc062723c751e8b465ee728b)  -> (artifact id: 'a04e547c6fe27ab45db565e54ae8550a') in 0.025414 seconds 
========================================================================
Received Import Request.
  Time since last request: 0.251941 seconds.
  path: Assets/Editor Default Resources/Dialogue System/Resize.png
  artifactKey: Guid(018dc0a4dc45ff14eb2b84d0c6f4e3f7) Importer(815301076,1909f56bfc062723c751e8b465ee728b)
Start importing Assets/Editor Default Resources/Dialogue System/Resize.png using Guid(018dc0a4dc45ff14eb2b84d0c6f4e3f7) Importer(815301076,1909f56bfc062723c751e8b465ee728b)  -> (artifact id: '43c95d5a738c8a36114fd51e65fe033f') in 0.020214 seconds 
========================================================================
Received Import Request.
  Time since last request: 0.246489 seconds.
  path: Assets/Editor Default Resources/Dialogue System/Script.png
  artifactKey: Guid(cfb2ddf8e3923324ea96e23ee67d79b6) Importer(815301076,1909f56bfc062723c751e8b465ee728b)
Start importing Assets/Editor Default Resources/Dialogue System/Script.png using Guid(cfb2ddf8e3923324ea96e23ee67d79b6) Importer(815301076,1909f56bfc062723c751e8b465ee728b)  -> (artifact id: '3081694dd2b905bfd3905d93d291223a') in 0.010971 seconds 
========================================================================
Received Import Request.
  Time since last request: 0.249653 seconds.
  path: Assets/Editor Default Resources/Dialogue System/Sequence.png
  artifactKey: Guid(68479939e81df0542b3f4449e7bab4a1) Importer(815301076,1909f56bfc062723c751e8b465ee728b)
Start importing Assets/Editor Default Resources/Dialogue System/Sequence.png using Guid(68479939e81df0542b3f4449e7bab4a1) Importer(815301076,1909f56bfc062723c751e8b465ee728b)  -> (artifact id: 'cc6fc72824b6dfa67e091bb40be4c224') in 0.011013 seconds 
========================================================================
Received Import Request.
  Time since last request: 1.385779 seconds.
  path: Assets/ExampleAssets
  artifactKey: Guid(990f5c2df70993f4987a388ca178996a) Importer(815301076,1909f56bfc062723c751e8b465ee728b)
Start importing Assets/ExampleAssets using Guid(990f5c2df70993f4987a388ca178996a) Importer(815301076,1909f56bfc062723c751e8b465ee728b)  -> (artifact id: 'd5ac45704b3e904ca5b19a6457cc79ac') in 0.005240 seconds 
========================================================================
Received Import Request.
  Time since last request: 3.307093 seconds.
  path: Assets/ExampleAssets/Materials
  artifactKey: Guid(ffd318dbb37362c4f8d87863d082b2fd) Importer(815301076,1909f56bfc062723c751e8b465ee728b)
Start importing Assets/ExampleAssets/Materials using Guid(ffd318dbb37362c4f8d87863d082b2fd) Importer(815301076,1909f56bfc062723c751e8b465ee728b)  -> (artifact id: '8c827434803c10ce0ff8cbab2830a63c') in 0.005368 seconds 
========================================================================
Received Import Request.
  Time since last request: 0.490590 seconds.
  path: Assets/ExampleAssets/Models
  artifactKey: Guid(aa97895f3852bd44399ef0893bec4f5e) Importer(815301076,1909f56bfc062723c751e8b465ee728b)
Start importing Assets/ExampleAssets/Models using Guid(aa97895f3852bd44399ef0893bec4f5e) Importer(815301076,1909f56bfc062723c751e8b465ee728b)  -> (artifact id: '148bd1374e384877c948124b2b92d031') in 0.007155 seconds 
========================================================================
Received Import Request.
  Time since last request: 0.985834 seconds.
  path: Assets/ExampleAssets/Models/brush_low.fbx
  artifactKey: Guid(aed8c47425ab91f4eb06ce6fe47c3e4e) Importer(815301076,1909f56bfc062723c751e8b465ee728b)
Start importing Assets/ExampleAssets/Models/brush_low.fbx using Guid(aed8c47425ab91f4eb06ce6fe47c3e4e) Importer(815301076,1909f56bfc062723c751e8b465ee728b)  -> (artifact id: 'fe8f6f7b9f21a22dfed391567f86b36f') in 0.677798 seconds 
========================================================================
Received Import Request.
  Time since last request: 0.000464 seconds.
  path: Assets/ExampleAssets/Models/ConstructionLight_Low.fbx
  artifactKey: Guid(e3ae06a3979f53046aa05330d69de1fa) Importer(815301076,1909f56bfc062723c751e8b465ee728b)
Start importing Assets/ExampleAssets/Models/ConstructionLight_Low.fbx using Guid(e3ae06a3979f53046aa05330d69de1fa) Importer(815301076,1909f56bfc062723c751e8b465ee728b)  -> (artifact id: 'bd7bc2d60a4d4c5ca00c8ab091f1fda0') in 0.108268 seconds 
========================================================================
Received Import Request.
  Time since last request: 8.545938 seconds.
  path: Assets/ExampleAssets/Prefabs
  artifactKey: Guid(5e04804d4b233d04d92ef41852c3f676) Importer(815301076,1909f56bfc062723c751e8b465ee728b)
Start importing Assets/ExampleAssets/Prefabs using Guid(5e04804d4b233d04d92ef41852c3f676) Importer(815301076,1909f56bfc062723c751e8b465ee728b)  -> (artifact id: '768324c56d94b4efa7303716f65df392') in 0.014805 seconds 
========================================================================
Received Import Request.
  Time since last request: 1.798699 seconds.
  path: Assets/Gizmos
  artifactKey: Guid(69df387ba02d50f4692c8bafdb54fb0d) Importer(815301076,1909f56bfc062723c751e8b465ee728b)
Start importing Assets/Gizmos using Guid(69df387ba02d50f4692c8bafdb54fb0d) Importer(815301076,1909f56bfc062723c751e8b465ee728b)  -> (artifact id: '193ad3cda90c22d107602577014e55f0') in 0.006006 seconds 
========================================================================
Received Import Request.
  Time since last request: 7.870688 seconds.
  path: Assets/Gizmos/StringAsset Icon.png
  artifactKey: Guid(4f2936fe28db54943a07b18c4366f96d) Importer(815301076,1909f56bfc062723c751e8b465ee728b)
Start importing Assets/Gizmos/StringAsset Icon.png using Guid(4f2936fe28db54943a07b18c4366f96d) Importer(815301076,1909f56bfc062723c751e8b465ee728b)  -> (artifact id: 'ac906b6c3472cbc4b04f808d51914685') in 0.010998 seconds 
========================================================================
Received Import Request.
  Time since last request: 1.206486 seconds.
  path: Assets/Gizmos/DialogueDatabase Icon.png
  artifactKey: Guid(8c00072895782fb4d918363c8ff501a5) Importer(815301076,1909f56bfc062723c751e8b465ee728b)
Start importing Assets/Gizmos/DialogueDatabase Icon.png using Guid(8c00072895782fb4d918363c8ff501a5) Importer(815301076,1909f56bfc062723c751e8b465ee728b)  -> (artifact id: 'd7e4c0e137938c9156fa9a9de4f7fe90') in 0.010612 seconds 
========================================================================
Received Import Request.
  Time since last request: 0.466129 seconds.
  path: Assets/Gizmos/TextTable Icon.png
  artifactKey: Guid(f043073205c249748ae651e1518ced37) Importer(815301076,1909f56bfc062723c751e8b465ee728b)
Start importing Assets/Gizmos/TextTable Icon.png using Guid(f043073205c249748ae651e1518ced37) Importer(815301076,1909f56bfc062723c751e8b465ee728b)  -> (artifact id: 'e08fb17833bd175968369b51f63a88ae') in 0.010492 seconds 
========================================================================
Received Import Request.
  Time since last request: 5.234799 seconds.
  path: Assets/Presets
  artifactKey: Guid(558255460b74ec04fa70b5570e9327bd) Importer(815301076,1909f56bfc062723c751e8b465ee728b)
Start importing Assets/Presets using Guid(558255460b74ec04fa70b5570e9327bd) Importer(815301076,1909f56bfc062723c751e8b465ee728b)  -> (artifact id: 'e1966229f3d7993f283b578bcf544b58') in 0.006799 seconds 
========================================================================
Received Import Request.
  Time since last request: 2.100077 seconds.
  path: Assets/Presets/NormalTexture.preset
  artifactKey: Guid(14a57cf3b9fa1c74b884aa7e0dcf1faa) Importer(815301076,1909f56bfc062723c751e8b465ee728b)
Start importing Assets/Presets/NormalTexture.preset using Guid(14a57cf3b9fa1c74b884aa7e0dcf1faa) Importer(815301076,1909f56bfc062723c751e8b465ee728b)  -> (artifact id: '9c195482fc53bc4f53f643643f636469') in 0.011158 seconds 
========================================================================
Received Import Request.
  Time since last request: 5.463495 seconds.
  path: Assets/Scripts/SimpleCameraController.cs
  artifactKey: Guid(be76e5f14cfee674cb30b491fb72b09b) Importer(815301076,1909f56bfc062723c751e8b465ee728b)
Start importing Assets/Scripts/SimpleCameraController.cs using Guid(be76e5f14cfee674cb30b491fb72b09b) Importer(815301076,1909f56bfc062723c751e8b465ee728b)  -> (artifact id: '6fabacd34a50697f141b69331c2a601e') in 0.005756 seconds 
========================================================================
Received Import Request.
  Time since last request: 49.103187 seconds.
  path: Assets/Resources
  artifactKey: Guid(61bec88f4de745b4c8bc3f2ddfb7abbe) Importer(815301076,1909f56bfc062723c751e8b465ee728b)
Start importing Assets/Resources using Guid(61bec88f4de745b4c8bc3f2ddfb7abbe) Importer(815301076,1909f56bfc062723c751e8b465ee728b)  -> (artifact id: '47b0f616ede53f5c47668d71ad8abe23') in 0.005901 seconds 
========================================================================
Received Import Request.
  Time since last request: 1.296530 seconds.
  path: Assets/Resources/DOTweenSettings.asset
  artifactKey: Guid(23ebe63ce182e4c4f8f95687e91595f5) Importer(815301076,1909f56bfc062723c751e8b465ee728b)
Start importing Assets/Resources/DOTweenSettings.asset using Guid(23ebe63ce182e4c4f8f95687e91595f5) Importer(815301076,1909f56bfc062723c751e8b465ee728b)  -> (artifact id: 'a8f813dc8985758939f74f274cc99994') in 0.008438 seconds 
========================================================================
Received Import Request.
  Time since last request: 7.501274 seconds.
  path: Assets/Settings
  artifactKey: Guid(0735c275001a2c84dafdb30deced5d8d) Importer(815301076,1909f56bfc062723c751e8b465ee728b)
Start importing Assets/Settings using Guid(0735c275001a2c84dafdb30deced5d8d) Importer(815301076,1909f56bfc062723c751e8b465ee728b)  -> (artifact id: 'cadd7ca10b5bf32e886eec457cf073a7') in 0.006381 seconds 
========================================================================
Received Import Request.
  Time since last request: 0.374809 seconds.
  path: Assets/TutorialInfo
  artifactKey: Guid(49110bb8dcada46328ad741970bce702) Importer(815301076,1909f56bfc062723c751e8b465ee728b)
Start importing Assets/TutorialInfo using Guid(49110bb8dcada46328ad741970bce702) Importer(815301076,1909f56bfc062723c751e8b465ee728b)  -> (artifact id: 'de5a30219286eb2a872f2f84d66d9616') in 0.006447 seconds 
========================================================================
Received Import Request.
  Time since last request: 0.971530 seconds.
  path: Assets/TutorialInfo/Icons
  artifactKey: Guid(8a0c9218a650547d98138cd835033977) Importer(815301076,1909f56bfc062723c751e8b465ee728b)
Start importing Assets/TutorialInfo/Icons using Guid(8a0c9218a650547d98138cd835033977) Importer(815301076,1909f56bfc062723c751e8b465ee728b)  -> (artifact id: '877c38d75af7f9b160f6df01c0d12ba9') in 0.005570 seconds 
========================================================================
Received Import Request.
  Time since last request: 2.563924 seconds.
  path: Assets/TutorialInfo/Scripts
  artifactKey: Guid(5a9bcd70e6a4b4b05badaa72e827d8e0) Importer(815301076,1909f56bfc062723c751e8b465ee728b)
Start importing Assets/TutorialInfo/Scripts using Guid(5a9bcd70e6a4b4b05badaa72e827d8e0) Importer(815301076,1909f56bfc062723c751e8b465ee728b)  -> (artifact id: '2381cffa6438b17ca19b3c642f224055') in 0.006933 seconds 
========================================================================
Received Import Request.
  Time since last request: 0.338536 seconds.
  path: Assets/TutorialInfo/Scripts/Editor
  artifactKey: Guid(3ad9b87dffba344c89909c6d1b1c17e1) Importer(815301076,1909f56bfc062723c751e8b465ee728b)
Start importing Assets/TutorialInfo/Scripts/Editor using Guid(3ad9b87dffba344c89909c6d1b1c17e1) Importer(815301076,1909f56bfc062723c751e8b465ee728b)  -> (artifact id: '22d9a53e681186c8abcd91760b4a6555') in 0.006230 seconds 
========================================================================
Received Import Request.
  Time since last request: 0.667790 seconds.
  path: Assets/TutorialInfo/Scripts/Readme.cs
  artifactKey: Guid(fcf7219bab7fe46a1ad266029b2fee19) Importer(815301076,1909f56bfc062723c751e8b465ee728b)
Start importing Assets/TutorialInfo/Scripts/Readme.cs using Guid(fcf7219bab7fe46a1ad266029b2fee19) Importer(815301076,1909f56bfc062723c751e8b465ee728b)  -> (artifact id: '72bab5fe3201a9a66fa8a8aef844ef2c') in 0.006725 seconds 
========================================================================
Received Import Request.
  Time since last request: 5.066405 seconds.
  path: Assets/TutorialInfo/Scripts/Editor/ReadmeEditor.cs
  artifactKey: Guid(476cc7d7cd9874016adc216baab94a0a) Importer(815301076,1909f56bfc062723c751e8b465ee728b)
Start importing Assets/TutorialInfo/Scripts/Editor/ReadmeEditor.cs using Guid(476cc7d7cd9874016adc216baab94a0a) Importer(815301076,1909f56bfc062723c751e8b465ee728b)  -> (artifact id: 'b35ee49be89acac0ecfbe3605070bdaa') in 0.007448 seconds 
========================================================================
Received Import Request.
  Time since last request: 31.186357 seconds.
  path: Assets/Plugins/CW/READ ME.txt
  artifactKey: Guid(f6ff8a5c80a68bc458c5d91349bf10ed) Importer(815301076,1909f56bfc062723c751e8b465ee728b)
Start importing Assets/Plugins/CW/READ ME.txt using Guid(f6ff8a5c80a68bc458c5d91349bf10ed) Importer(815301076,1909f56bfc062723c751e8b465ee728b)  -> (artifact id: '388f4ddcb91f9cec7a1fae1e1ab2ab8c') in 0.022935 seconds 
========================================================================
Received Import Request.
  Time since last request: 4.935752 seconds.
  path: Assets/Plugins/CW/PaintIn3D
  artifactKey: Guid(7c18e476b1bd6dd4b8564d76262195e9) Importer(815301076,1909f56bfc062723c751e8b465ee728b)
Start importing Assets/Plugins/CW/PaintIn3D using Guid(7c18e476b1bd6dd4b8564d76262195e9) Importer(815301076,1909f56bfc062723c751e8b465ee728b)  -> (artifact id: '84dcd8f6e3ebc07639e1a94b6e68dfe9') in 0.006360 seconds 
========================================================================
Received Import Request.
  Time since last request: 1.549733 seconds.
  path: Assets/Plugins/Demigiant
  artifactKey: Guid(9f80792dcd2829e41b1f075e7245ca5b) Importer(815301076,1909f56bfc062723c751e8b465ee728b)
Start importing Assets/Plugins/Demigiant using Guid(9f80792dcd2829e41b1f075e7245ca5b) Importer(815301076,1909f56bfc062723c751e8b465ee728b)  -> (artifact id: 'f7d11ded35b6a49d71990639407db4a1') in 0.005984 seconds 
========================================================================
Received Import Request.
  Time since last request: 2.262664 seconds.
  path: Assets/Plugins/Demigiant/DemiLib
  artifactKey: Guid(5a499e4809836274eb38cd99b370a2c1) Importer(815301076,1909f56bfc062723c751e8b465ee728b)
Start importing Assets/Plugins/Demigiant/DemiLib using Guid(5a499e4809836274eb38cd99b370a2c1) Importer(815301076,1909f56bfc062723c751e8b465ee728b)  -> (artifact id: '19acacae2ecf2b40ec235f8017350709') in 0.005285 seconds 
========================================================================
Received Import Request.
  Time since last request: 1.506821 seconds.
  path: Assets/Plugins/Pixel Crushers
  artifactKey: Guid(e548d83123d220b4ca31fa7813b93169) Importer(815301076,1909f56bfc062723c751e8b465ee728b)
Start importing Assets/Plugins/Pixel Crushers using Guid(e548d83123d220b4ca31fa7813b93169) Importer(815301076,1909f56bfc062723c751e8b465ee728b)  -> (artifact id: '3d97d54483d9da4af1144e33cd289374') in 0.006285 seconds 
========================================================================
Received Import Request.
  Time since last request: 4.552556 seconds.
  path: Assets/Plugins/Pixel Crushers/Dialogue System/Templates
  artifactKey: Guid(d45dbb657e466894faf9dfa36fae4834) Importer(815301076,1909f56bfc062723c751e8b465ee728b)
Start importing Assets/Plugins/Pixel Crushers/Dialogue System/Templates using Guid(d45dbb657e466894faf9dfa36fae4834) Importer(815301076,1909f56bfc062723c751e8b465ee728b)  -> (artifact id: '45b12f8d51c452d27f590bdc531de4a8') in 0.006103 seconds 
========================================================================
Received Import Request.
  Time since last request: 2.978203 seconds.
  path: Assets/Plugins/Pixel Crushers/Dialogue System/Prefabs
  artifactKey: Guid(a53905e94ae5caf4688b53dccfc26b17) Importer(815301076,1909f56bfc062723c751e8b465ee728b)
Start importing Assets/Plugins/Pixel Crushers/Dialogue System/Prefabs using Guid(a53905e94ae5caf4688b53dccfc26b17) Importer(815301076,1909f56bfc062723c751e8b465ee728b)  -> (artifact id: 'ea964cc3a504cc98ded7600917127b01') in 0.001790 seconds 
========================================================================
Received Import Request.
  Time since last request: 0.399808 seconds.
  path: Assets/Plugins/Pixel Crushers/Dialogue System/Demo
  artifactKey: Guid(793aae3d5f3076a4e9ffde17d89729b5) Importer(815301076,1909f56bfc062723c751e8b465ee728b)
Start importing Assets/Plugins/Pixel Crushers/Dialogue System/Demo using Guid(793aae3d5f3076a4e9ffde17d89729b5) Importer(815301076,1909f56bfc062723c751e8b465ee728b)  -> (artifact id: 'f0b8ed3dde7b10f559cc64d488aa8348') in 0.006469 seconds 
========================================================================
Received Import Request.
  Time since last request: 3.092798 seconds.
  path: Assets/Plugins/Pixel Crushers/Dialogue System/Demo/Scenes/DemoScene1.unity
  artifactKey: Guid(955abf6400389cf4f8e68ac194db83e0) Importer(815301076,1909f56bfc062723c751e8b465ee728b)
Start importing Assets/Plugins/Pixel Crushers/Dialogue System/Demo/Scenes/DemoScene1.unity using Guid(955abf6400389cf4f8e68ac194db83e0) Importer(815301076,1909f56bfc062723c751e8b465ee728b)  -> (artifact id: '3e319e5c4aac40505d99fb825b024fe4') in 0.006306 seconds 
========================================================================
Received Prepare
Registering precompiled user dll's ...
Registered in 0.004349 seconds.
Begin MonoManager ReloadAssembly
Native extension for WindowsStandalone target not found
Refreshing native plugins compatible for Editor in 1.12 ms, found 2 plugins.
Preloading 0 native plugins for Editor in 0.00 ms.
Mono: successfully reloaded assembly
- Completed reload, in  1.242 seconds
Domain Reload Profiling:
	ReloadAssembly (1242ms)
		BeginReloadAssembly (141ms)
			ExecutionOrderSort (0ms)
			DisableScriptedObjects (7ms)
			BackupInstance (0ms)
			ReleaseScriptingObjects (0ms)
			CreateAndSetChildDomain (47ms)
		EndReloadAssembly (1040ms)
			LoadAssemblies (99ms)
			RebuildTransferFunctionScriptingTraits (0ms)
			SetupTypeCache (376ms)
			ReleaseScriptCaches (2ms)
			RebuildScriptCaches (59ms)
			SetupLoadedEditorAssemblies (368ms)
				LogAssemblyErrors (0ms)
				InitializePlatformSupportModulesInManaged (5ms)
				SetLoadedEditorAssemblies (1ms)
				RefreshPlugins (1ms)
				BeforeProcessingInitializeOnLoad (107ms)
				ProcessInitializeOnLoadAttributes (234ms)
				ProcessInitializeOnLoadMethodAttributes (13ms)
				AfterProcessingInitializeOnLoad (6ms)
				EditorAssembliesLoaded (1ms)
			ExecutionOrderSort2 (0ms)
			AwakeInstancesAfterBackupRestoration (13ms)
Platform modules already initialized, skipping
Refreshing native plugins compatible for Editor in 0.98 ms, found 2 plugins.
Preloading 0 native plugins for Editor in 0.00 ms.
Unloading 4034 Unused Serialized files (Serialized files now loaded: 0)
System memory in use before: 174.8 MB.
System memory in use after: 175.0 MB.

Unloading 21 unused Assets to reduce memory usage. Loaded Objects now: 4707.
Total: 3.926500 ms (FindLiveObjects: 0.263600 ms CreateObjectMapping: 0.132000 ms MarkObjects: 3.436000 ms  DeleteObjects: 0.093500 ms)

AssetImportParameters requested are different than current active one (requested -> active):
  custom:framework-win-MediaFoundation: 216162199b28c13a410421893ffa2e32 -> 
  custom:video-decoder-ogg-theora: a1e56fd34408186e4bbccfd4996cb3dc -> 
  custom:container-muxer-webm: aa71ff27fc2769a1b78a27578f13a17b -> 
  custom:container-demuxer-webm: 4f35f7cbe854078d1ac9338744f61a02 -> 
  custom:container-demuxer-ogg: 62fdf1f143b41e24485cea50d1cbac27 -> 
  custom:video-encoder-webm-vp8: eb34c28f22e8b96e1ab97ce403110664 -> 
  custom:video-codec-MediaFoundation-h265: 746d11721c4dcdbdad8f713fa42b33f4 -> 
  custom:video-decoder-webm-vp8: 9c59270c3fd7afecdb556c50c9e8de78 -> 
  custom:audio-decoder-ogg-vorbis: bf7c407c2cedff20999df2af8eb42d56 -> 
  custom:audio-encoder-webm-vorbis: bf7c407c2cedff20999df2af8eb42d56 -> 
========================================================================
Received Import Request.
  Time since last request: 84.636560 seconds.
  path: Assets/Plugins/Pixel Crushers/Dialogue System/Demo/Art/Scifi Environment/Textures/WallTypeA_FloorRaft_ts_Diff.png
  artifactKey: Guid(1fd277ffd8b705847a11701bf3f564a1) Importer(815301076,1909f56bfc062723c751e8b465ee728b)
Start importing Assets/Plugins/Pixel Crushers/Dialogue System/Demo/Art/Scifi Environment/Textures/WallTypeA_FloorRaft_ts_Diff.png using Guid(1fd277ffd8b705847a11701bf3f564a1) Importer(815301076,1909f56bfc062723c751e8b465ee728b)  -> (artifact id: '59a5c7a70d9783bf01679d60fbe29411') in 0.053864 seconds 
========================================================================
Received Import Request.
  Time since last request: 0.000320 seconds.
  path: Assets/Plugins/Pixel Crushers/Dialogue System/Demo/Art/Scifi Environment/Textures/WallTypeA_FloorRaft_ts_Norm.png
  artifactKey: Guid(64441b295643376429ad43561db12131) Importer(815301076,1909f56bfc062723c751e8b465ee728b)
Start importing Assets/Plugins/Pixel Crushers/Dialogue System/Demo/Art/Scifi Environment/Textures/WallTypeA_FloorRaft_ts_Norm.png using Guid(64441b295643376429ad43561db12131) Importer(815301076,1909f56bfc062723c751e8b465ee728b)  -> (artifact id: 'dc686706585e789510bc1fec45774529') in 0.029542 seconds 
========================================================================
Received Import Request.
  Time since last request: 180.550722 seconds.
  path: Assets/Plugins/Pixel Crushers/Common
  artifactKey: Guid(464fa5fb7b9423447b820fb1586bc377) Importer(815301076,1909f56bfc062723c751e8b465ee728b)
Start importing Assets/Plugins/Pixel Crushers/Common using Guid(464fa5fb7b9423447b820fb1586bc377) Importer(815301076,1909f56bfc062723c751e8b465ee728b)  -> (artifact id: 'a5ea691938bc789b74a05eff839a9fc9') in 0.006042 seconds 
========================================================================
Received Import Request.
  Time since last request: 2.935798 seconds.
  path: Assets/Plugins/Pixel Crushers/Dialogue System/Demo/Scenes/DemoScene2.unity
  artifactKey: Guid(d94b3c97c9dfe0d4e8ff547bb0406174) Importer(815301076,1909f56bfc062723c751e8b465ee728b)
Start importing Assets/Plugins/Pixel Crushers/Dialogue System/Demo/Scenes/DemoScene2.unity using Guid(d94b3c97c9dfe0d4e8ff547bb0406174) Importer(815301076,1909f56bfc062723c751e8b465ee728b)  -> (artifact id: 'cd96b751790488ba25223422ee7703b0') in 0.006214 seconds 
========================================================================
Received Import Request.
  Time since last request: 144.754993 seconds.
  path: Assets/Plugins/Pixel Crushers/Dialogue System/Wrappers
  artifactKey: Guid(0ee6bd45641c01e4f94f1a68b5991aac) Importer(815301076,1909f56bfc062723c751e8b465ee728b)
Start importing Assets/Plugins/Pixel Crushers/Dialogue System/Wrappers using Guid(0ee6bd45641c01e4f94f1a68b5991aac) Importer(815301076,1909f56bfc062723c751e8b465ee728b)  -> (artifact id: '642e7d81106b3f2a69c83ed0b0cc0195') in 0.006507 seconds 
========================================================================
Received Import Request.
  Time since last request: 0.355844 seconds.
  path: Assets/Plugins/Pixel Crushers/Dialogue System/Third Party Support
  artifactKey: Guid(3ccb653eaa44e5b489e0a8015b2c60ad) Importer(815301076,1909f56bfc062723c751e8b465ee728b)
Start importing Assets/Plugins/Pixel Crushers/Dialogue System/Third Party Support using Guid(3ccb653eaa44e5b489e0a8015b2c60ad) Importer(815301076,1909f56bfc062723c751e8b465ee728b)  -> (artifact id: '523ad6766deb15038355ff007609a91e') in 0.008342 seconds 
========================================================================
Received Import Request.
  Time since last request: 0.430953 seconds.
  path: Assets/Plugins/Pixel Crushers/Dialogue System/Templates/Scripts
  artifactKey: Guid(f52b3f3dfa593a344a2824d1a1278b5c) Importer(815301076,1909f56bfc062723c751e8b465ee728b)
Start importing Assets/Plugins/Pixel Crushers/Dialogue System/Templates/Scripts using Guid(f52b3f3dfa593a344a2824d1a1278b5c) Importer(815301076,1909f56bfc062723c751e8b465ee728b)  -> (artifact id: '2005247eddae35c89db5d8935f3cd533') in 0.005447 seconds 
========================================================================
Received Import Request.
  Time since last request: 4.712892 seconds.
  path: Assets/Plugins/Pixel Crushers/Dialogue System
  artifactKey: Guid(aa3c208e20084ce44b95f9ad20530f2c) Importer(815301076,1909f56bfc062723c751e8b465ee728b)
Start importing Assets/Plugins/Pixel Crushers/Dialogue System using Guid(aa3c208e20084ce44b95f9ad20530f2c) Importer(815301076,1909f56bfc062723c751e8b465ee728b)  -> (artifact id: 'ca7b01020ad88678d7bf1c25b7f170d0') in 0.002263 seconds 
========================================================================
Received Import Request.
  Time since last request: 2.074684 seconds.
  path: Assets/Plugins/Pixel Crushers/Dialogue System/Prefabs/Art
  artifactKey: Guid(d50a496961f373342a374b1da428a055) Importer(815301076,1909f56bfc062723c751e8b465ee728b)
Start importing Assets/Plugins/Pixel Crushers/Dialogue System/Prefabs/Art using Guid(d50a496961f373342a374b1da428a055) Importer(815301076,1909f56bfc062723c751e8b465ee728b)  -> (artifact id: '54734ae6bb659bfca0cb3c275651e0da') in 0.017434 seconds 
========================================================================
Received Import Request.
  Time since last request: 0.396486 seconds.
  path: Assets/Plugins/Pixel Crushers/Dialogue System/Prefabs/Camera Angle Studio
  artifactKey: Guid(f5590907e1201c742b381362741ce2e1) Importer(815301076,1909f56bfc062723c751e8b465ee728b)
Start importing Assets/Plugins/Pixel Crushers/Dialogue System/Prefabs/Camera Angle Studio using Guid(f5590907e1201c742b381362741ce2e1) Importer(815301076,1909f56bfc062723c751e8b465ee728b)  -> (artifact id: '7f6f988b23c9aa1677d54ba2efacd545') in 0.007645 seconds 
========================================================================
Received Import Request.
  Time since last request: 0.691665 seconds.
  path: Assets/Plugins/Pixel Crushers/Dialogue System/Prefabs/Standard UI Prefabs
  artifactKey: Guid(8c1a4ad7bc3f25343add8df89a0b47b7) Importer(815301076,1909f56bfc062723c751e8b465ee728b)
Start importing Assets/Plugins/Pixel Crushers/Dialogue System/Prefabs/Standard UI Prefabs using Guid(8c1a4ad7bc3f25343add8df89a0b47b7) Importer(815301076,1909f56bfc062723c751e8b465ee728b)  -> (artifact id: 'ca7c62018ccd303eb05073100de0c749') in 0.007089 seconds 
========================================================================
Received Import Request.
  Time since last request: 3.990750 seconds.
  path: Assets/Plugins/Pixel Crushers/Dialogue System/Prefabs/Dialogue Manager.prefab
  artifactKey: Guid(58ac37417e60e534f91138088a3e6f70) Importer(815301076,1909f56bfc062723c751e8b465ee728b)
Start importing Assets/Plugins/Pixel Crushers/Dialogue System/Prefabs/Dialogue Manager.prefab using Guid(58ac37417e60e534f91138088a3e6f70) Importer(815301076,1909f56bfc062723c751e8b465ee728b)  -> (artifact id: 'b1ecaa718d4d8f429d6e403f4ce16887') in 0.139993 seconds 
========================================================================
Received Prepare
Registering precompiled user dll's ...
Registered in 0.002758 seconds.
Begin MonoManager ReloadAssembly
Native extension for WindowsStandalone target not found
Refreshing native plugins compatible for Editor in 0.75 ms, found 2 plugins.
Preloading 0 native plugins for Editor in 0.00 ms.
Mono: successfully reloaded assembly
- Completed reload, in  1.020 seconds
Domain Reload Profiling:
	ReloadAssembly (1026ms)
		BeginReloadAssembly (106ms)
			ExecutionOrderSort (0ms)
			DisableScriptedObjects (4ms)
			BackupInstance (0ms)
			ReleaseScriptingObjects (0ms)
			CreateAndSetChildDomain (37ms)
		EndReloadAssembly (872ms)
			LoadAssemblies (80ms)
			RebuildTransferFunctionScriptingTraits (0ms)
			SetupTypeCache (299ms)
			ReleaseScriptCaches (3ms)
			RebuildScriptCaches (66ms)
			SetupLoadedEditorAssemblies (301ms)
				LogAssemblyErrors (0ms)
				InitializePlatformSupportModulesInManaged (3ms)
				SetLoadedEditorAssemblies (0ms)
				RefreshPlugins (1ms)
				BeforeProcessingInitializeOnLoad (75ms)
				ProcessInitializeOnLoadAttributes (204ms)
				ProcessInitializeOnLoadMethodAttributes (13ms)
				AfterProcessingInitializeOnLoad (4ms)
				EditorAssembliesLoaded (0ms)
			ExecutionOrderSort2 (0ms)
			AwakeInstancesAfterBackupRestoration (12ms)
Platform modules already initialized, skipping
Refreshing native plugins compatible for Editor in 0.87 ms, found 2 plugins.
Preloading 0 native plugins for Editor in 0.00 ms.
Unloading 4033 Unused Serialized files (Serialized files now loaded: 0)
System memory in use before: 175.4 MB.
System memory in use after: 175.7 MB.

Unloading 26 unused Assets to reduce memory usage. Loaded Objects now: 4715.
Total: 3.139300 ms (FindLiveObjects: 0.244600 ms CreateObjectMapping: 0.143500 ms MarkObjects: 2.646700 ms  DeleteObjects: 0.099600 ms)

AssetImportParameters requested are different than current active one (requested -> active):
  custom:framework-win-MediaFoundation: 216162199b28c13a410421893ffa2e32 -> 
  custom:video-decoder-ogg-theora: a1e56fd34408186e4bbccfd4996cb3dc -> 
  custom:container-muxer-webm: aa71ff27fc2769a1b78a27578f13a17b -> 
  custom:container-demuxer-webm: 4f35f7cbe854078d1ac9338744f61a02 -> 
  custom:container-demuxer-ogg: 62fdf1f143b41e24485cea50d1cbac27 -> 
  custom:video-encoder-webm-vp8: eb34c28f22e8b96e1ab97ce403110664 -> 
  custom:video-codec-MediaFoundation-h265: 746d11721c4dcdbdad8f713fa42b33f4 -> 
  custom:video-decoder-webm-vp8: 9c59270c3fd7afecdb556c50c9e8de78 -> 
  custom:audio-decoder-ogg-vorbis: bf7c407c2cedff20999df2af8eb42d56 -> 
  custom:audio-encoder-webm-vorbis: bf7c407c2cedff20999df2af8eb42d56 -> 
========================================================================
Received Import Request.
  Time since last request: 23.630250 seconds.
  path: Assets/Scenes/TestScene.unity
  artifactKey: Guid(f53d23be12afc2d4f83f3b06e9f8e12b) Importer(815301076,1909f56bfc062723c751e8b465ee728b)
Start importing Assets/Scenes/TestScene.unity using Guid(f53d23be12afc2d4f83f3b06e9f8e12b) Importer(815301076,1909f56bfc062723c751e8b465ee728b)  -> (artifact id: '46aacd02e9689c0295db3dde131edebc') in 0.009801 seconds 
========================================================================
Received Prepare
Registering precompiled user dll's ...
Registered in 0.003054 seconds.
Begin MonoManager ReloadAssembly
Native extension for WindowsStandalone target not found
Refreshing native plugins compatible for Editor in 1.25 ms, found 2 plugins.
Preloading 0 native plugins for Editor in 0.00 ms.
Mono: successfully reloaded assembly
- Completed reload, in  1.154 seconds
Domain Reload Profiling:
	ReloadAssembly (1154ms)
		BeginReloadAssembly (100ms)
			ExecutionOrderSort (0ms)
			DisableScriptedObjects (4ms)
			BackupInstance (0ms)
			ReleaseScriptingObjects (0ms)
			CreateAndSetChildDomain (32ms)
		EndReloadAssembly (995ms)
			LoadAssemblies (94ms)
			RebuildTransferFunctionScriptingTraits (0ms)
			SetupTypeCache (308ms)
			ReleaseScriptCaches (1ms)
			RebuildScriptCaches (58ms)
			SetupLoadedEditorAssemblies (394ms)
				LogAssemblyErrors (0ms)
				InitializePlatformSupportModulesInManaged (5ms)
				SetLoadedEditorAssemblies (1ms)
				RefreshPlugins (1ms)
				BeforeProcessingInitializeOnLoad (119ms)
				ProcessInitializeOnLoadAttributes (245ms)
				ProcessInitializeOnLoadMethodAttributes (18ms)
				AfterProcessingInitializeOnLoad (4ms)
				EditorAssembliesLoaded (0ms)
			ExecutionOrderSort2 (0ms)
			AwakeInstancesAfterBackupRestoration (15ms)
Platform modules already initialized, skipping
Refreshing native plugins compatible for Editor in 0.90 ms, found 2 plugins.
Preloading 0 native plugins for Editor in 0.00 ms.
Unloading 4033 Unused Serialized files (Serialized files now loaded: 0)
System memory in use before: 175.5 MB.
System memory in use after: 175.7 MB.

Unloading 21 unused Assets to reduce memory usage. Loaded Objects now: 4718.
Total: 3.752900 ms (FindLiveObjects: 0.263500 ms CreateObjectMapping: 0.146400 ms MarkObjects: 3.256200 ms  DeleteObjects: 0.084900 ms)

AssetImportParameters requested are different than current active one (requested -> active):
  custom:framework-win-MediaFoundation: 216162199b28c13a410421893ffa2e32 -> 
  custom:video-decoder-ogg-theora: a1e56fd34408186e4bbccfd4996cb3dc -> 
  custom:container-muxer-webm: aa71ff27fc2769a1b78a27578f13a17b -> 
  custom:container-demuxer-webm: 4f35f7cbe854078d1ac9338744f61a02 -> 
  custom:container-demuxer-ogg: 62fdf1f143b41e24485cea50d1cbac27 -> 
  custom:video-encoder-webm-vp8: eb34c28f22e8b96e1ab97ce403110664 -> 
  custom:video-codec-MediaFoundation-h265: 746d11721c4dcdbdad8f713fa42b33f4 -> 
  custom:video-decoder-webm-vp8: 9c59270c3fd7afecdb556c50c9e8de78 -> 
  custom:audio-decoder-ogg-vorbis: bf7c407c2cedff20999df2af8eb42d56 -> 
  custom:audio-encoder-webm-vorbis: bf7c407c2cedff20999df2af8eb42d56 -> 
AssetImportWorkerClient::OnTransportError - code=2 error=End of file
